2025-09-04 18:21:11,975 - INFO - Conexin a BD establecida correctamente
2025-09-04 18:21:11,981 - INFO - Datos de combobox cargados correctamente
2025-09-04 18:21:21,532 - INFO - Conexin a BD establecida correctamente
2025-09-04 18:21:21,532 - INFO - Bsqueda exitosa para cdigo: 035148
2025-09-04 18:21:31,285 - INFO - Conexin a BD establecida correctamente
2025-09-04 18:21:31,288 - INFO - Bsqueda exitosa para cdigo: 050188
2025-09-04 18:21:35,282 - INFO - Conexin a BD establecida correctamente
2025-09-04 18:21:35,282 - INFO - Bsqueda exitosa para cdigo: 079497
2025-09-04 18:21:38,485 - INFO - Conexin a BD establecida correctamente
2025-09-04 18:21:38,490 - INFO - Bsqueda exitosa para cdigo: 050188
2025-09-04 18:21:48,812 - INFO - Conexin a BD establecida correctamente
2025-09-04 18:21:48,812 - INFO - Bsqueda por secuencia: 9050177 - 2 resultados
2025-09-04 18:22:10,680 - INFO - Conexin a BD establecida correctamente
2025-09-04 18:22:12,847 - INFO - Registro guardado: 050188 - Registro actualizado en la base de datos.
2025-09-04 18:24:04,201 - INFO - Conexin a BD establecida correctamente
2025-09-04 18:24:04,210 - INFO - Bsqueda exitosa para cdigo: 050188
2025-09-04 18:34:41,207 - INFO - Conexi贸n a BD establecida correctamente
2025-09-04 18:34:41,212 - INFO - Datos de combobox cargados correctamente
2025-09-04 18:34:49,108 - INFO - Conexi贸n a BD establecida correctamente
2025-09-04 18:34:49,111 - INFO - Datos de combobox cargados correctamente
2025-09-04 18:38:07,333 - INFO - Conexi贸n a BD establecida correctamente
2025-09-04 18:38:07,337 - INFO - Datos de combobox cargados correctamente
2025-09-04 18:38:22,604 - INFO - Conexi贸n a BD establecida correctamente
2025-09-04 18:38:22,610 - INFO - Datos de combobox cargados correctamente
2025-09-04 18:38:30,973 - INFO - Conexi贸n a BD establecida correctamente
2025-09-04 18:38:30,973 - INFO - B煤squeda exitosa para c贸digo: 035148
2025-09-04 18:38:36,226 - INFO - Conexi贸n a BD establecida correctamente
2025-09-04 18:38:36,228 - INFO - B煤squeda exitosa para c贸digo: 050188
2025-09-04 18:38:40,504 - INFO - Conexi贸n a BD establecida correctamente
2025-09-04 18:38:40,504 - INFO - B煤squeda exitosa para c贸digo: 035148
2025-09-04 18:38:51,183 - INFO - Conexi贸n a BD establecida correctamente
2025-09-04 18:38:51,186 - INFO - B煤squeda por secuencia: 9014224 - 1 resultados
2025-09-04 18:38:53,167 - INFO - Conexi贸n a BD establecida correctamente
2025-09-04 18:38:53,171 - INFO - B煤squeda exitosa para c贸digo: 035148
2025-09-04 18:44:16,013 - INFO - Conexi贸n a BD establecida correctamente
2025-09-04 18:44:16,023 - INFO - Datos de combobox cargados correctamente
2025-09-04 18:44:20,924 - INFO - Conexi贸n a BD establecida correctamente
2025-09-04 18:44:20,929 - INFO - B煤squeda exitosa para c贸digo: 035148
2025-09-04 18:44:28,444 - INFO - Conexi贸n a BD establecida correctamente
2025-09-04 18:44:34,509 - INFO - Conexi贸n a BD establecida correctamente
2025-09-04 18:44:34,514 - INFO - B煤squeda exitosa para c贸digo: 050188
2025-09-04 18:44:43,334 - INFO - Conexi贸n a BD establecida correctamente
2025-09-04 18:44:43,340 - INFO - B煤squeda exitosa para c贸digo: 035148
2025-09-04 18:44:58,178 - INFO - Conexi贸n a BD establecida correctamente
2025-09-04 18:44:58,178 - INFO - B煤squeda exitosa para c贸digo: 035148
2025-09-04 18:44:58,288 - INFO - Conexi贸n a BD establecida correctamente
2025-09-04 18:44:58,288 - INFO - B煤squeda exitosa para c贸digo: 035148
2025-09-04 18:47:29,298 - INFO - Conexi贸n a BD establecida correctamente
2025-09-04 18:47:29,298 - INFO - B煤squeda por secuencia: 9014224 - 1 resultados
2025-09-04 18:47:33,374 - INFO - Conexi贸n a BD establecida correctamente
2025-09-04 18:47:33,374 - INFO - B煤squeda exitosa para c贸digo: 035148
2025-09-04 18:50:54,960 - INFO - Conexi贸n a BD establecida correctamente
2025-09-04 18:50:54,964 - INFO - Datos de combobox cargados correctamente
2025-09-04 18:51:04,972 - INFO - Conexi贸n a BD establecida correctamente
2025-09-04 18:51:04,974 - ERROR - Error en b煤squeda: 'InventarioApp' object has no attribute 'cedula_combo'
2025-09-04 18:51:18,706 - INFO - Conexi贸n a BD establecida correctamente
2025-09-04 18:51:18,709 - ERROR - Error en b煤squeda: 'InventarioApp' object has no attribute 'cedula_combo'
2025-09-04 18:52:37,590 - INFO - Conexi贸n a BD establecida correctamente
2025-09-04 18:52:37,594 - INFO - Datos de combobox cargados correctamente
2025-09-04 18:52:55,644 - INFO - Conexi贸n a BD establecida correctamente
2025-09-04 18:52:55,644 - INFO - Datos de combobox cargados correctamente
2025-09-04 18:53:00,937 - INFO - Conexi贸n a BD establecida correctamente
2025-09-04 18:53:00,937 - INFO - B煤squeda exitosa para c贸digo: 035148
2025-09-04 18:53:08,285 - INFO - Conexi贸n a BD establecida correctamente
2025-09-04 18:53:08,295 - INFO - B煤squeda exitosa para c贸digo: 050188
2025-09-04 18:53:10,185 - INFO - Conexi贸n a BD establecida correctamente
2025-09-04 18:53:10,189 - INFO - B煤squeda exitosa para c贸digo: 035148
2025-09-04 18:53:14,888 - INFO - Conexi贸n a BD establecida correctamente
2025-09-04 18:53:14,891 - INFO - B煤squeda exitosa para c贸digo: 035148
2025-09-04 18:53:26,945 - INFO - Conexi贸n a BD establecida correctamente
2025-09-04 18:53:27,905 - INFO - Registro guardado: 035148 - Registro actualizado en la base de datos.
2025-09-04 18:53:31,530 - INFO - Conexi贸n a BD establecida correctamente
2025-09-04 18:53:31,530 - INFO - B煤squeda exitosa para c贸digo: 035148
2025-09-04 18:53:49,794 - INFO - Conexi贸n a BD establecida correctamente
2025-09-04 18:53:49,804 - INFO - Datos de combobox cargados correctamente
2025-09-04 18:53:54,180 - INFO - Conexi贸n a BD establecida correctamente
2025-09-04 18:53:54,184 - INFO - B煤squeda exitosa para c贸digo: 035148
2025-09-04 18:54:06,578 - INFO - Conexi贸n a BD establecida correctamente
2025-09-04 18:54:06,581 - INFO - Datos de combobox cargados correctamente
2025-09-04 18:54:12,286 - INFO - Conexi贸n a BD establecida correctamente
2025-09-04 18:54:12,291 - INFO - B煤squeda exitosa para c贸digo: 035148
2025-09-04 18:54:16,398 - INFO - Conexi贸n a BD establecida correctamente
2025-09-04 18:54:16,400 - INFO - B煤squeda exitosa para c贸digo: 050188
2025-09-04 18:54:31,939 - INFO - Conexi贸n a BD establecida correctamente
2025-09-04 18:54:32,965 - INFO - Registro guardado: 050188 - Registro actualizado en la base de datos.
2025-09-04 18:54:37,895 - INFO - Conexi贸n a BD establecida correctamente
2025-09-04 18:54:37,895 - INFO - B煤squeda exitosa para c贸digo: 050188
2025-09-04 18:54:51,725 - INFO - Archivo exportado: consulta_20250904_185447.xlsx
2025-09-04 18:55:06,180 - INFO - Conexi贸n a BD establecida correctamente
2025-09-04 18:55:06,180 - INFO - B煤squeda por secuencia: 9050177 - 2 resultados
2025-09-04 18:55:07,575 - INFO - Conexi贸n a BD establecida correctamente
2025-09-04 18:55:07,575 - INFO - B煤squeda exitosa para c贸digo: 050187
2025-09-04 18:55:08,905 - INFO - Conexi贸n a BD establecida correctamente
2025-09-04 18:55:08,906 - INFO - B煤squeda exitosa para c贸digo: 050188
2025-09-04 18:55:37,962 - INFO - Conexi贸n a BD establecida correctamente
2025-09-04 18:55:37,965 - INFO - Datos de combobox cargados correctamente
2025-09-04 18:55:45,806 - INFO - Conexi贸n a BD establecida correctamente
2025-09-04 18:55:45,815 - INFO - B煤squeda exitosa para c贸digo: 035148
2025-09-04 18:55:51,725 - INFO - Conexi贸n a BD establecida correctamente
2025-09-04 18:55:51,725 - INFO - B煤squeda exitosa para c贸digo: 050188
2025-09-04 18:55:55,675 - INFO - Conexi贸n a BD establecida correctamente
2025-09-04 18:55:55,680 - INFO - B煤squeda exitosa para c贸digo: 035148
2025-09-04 19:00:52,244 - INFO - Conexi贸n a BD establecida correctamente
2025-09-04 19:00:52,245 - INFO - Datos de combobox cargados correctamente
2025-09-04 19:00:57,400 - INFO - Conexi贸n a BD establecida correctamente
2025-09-04 19:00:57,400 - INFO - B煤squeda exitosa para c贸digo: 035148
2025-09-04 19:01:04,180 - INFO - Conexi贸n a BD establecida correctamente
2025-09-04 19:01:04,185 - INFO - B煤squeda exitosa para c贸digo: 050188
2025-09-04 19:01:14,151 - INFO - Conexi贸n a BD establecida correctamente
2025-09-04 19:01:14,156 - INFO - B煤squeda exitosa para c贸digo: 079498
2025-09-04 19:01:24,340 - INFO - Conexi贸n a BD establecida correctamente
2025-09-04 19:01:24,345 - INFO - B煤squeda exitosa para c贸digo: 050188
2025-09-04 19:02:35,700 - INFO - Conexi贸n a BD establecida correctamente
2025-09-04 19:02:35,700 - INFO - Datos de combobox cargados correctamente
2025-09-04 19:02:41,039 - INFO - Conexi贸n a BD establecida correctamente
2025-09-04 19:02:41,043 - INFO - B煤squeda exitosa para c贸digo: 050188
2025-09-04 19:02:45,736 - INFO - Conexi贸n a BD establecida correctamente
2025-09-04 19:02:45,736 - INFO - B煤squeda exitosa para c贸digo: 035148
2025-09-04 19:02:48,086 - INFO - Conexi贸n a BD establecida correctamente
2025-09-04 19:02:48,088 - INFO - B煤squeda exitosa para c贸digo: 079497
2025-09-04 19:02:51,408 - INFO - Conexi贸n a BD establecida correctamente
2025-09-04 19:02:51,410 - INFO - B煤squeda exitosa para c贸digo: 079498
2025-09-04 19:03:22,466 - INFO - Conexi贸n a BD establecida correctamente
2025-09-04 19:03:22,466 - INFO - B煤squeda exitosa para c贸digo: 079500
2025-09-04 19:03:30,646 - INFO - Conexi贸n a BD establecida correctamente
2025-09-04 19:03:30,646 - INFO - B煤squeda exitosa para c贸digo: 035148
2025-09-04 19:04:14,390 - INFO - Conexi贸n a BD establecida correctamente
2025-09-04 19:04:14,395 - INFO - B煤squeda por secuencia: 9050177 - 2 resultados
2025-09-04 19:04:19,525 - INFO - Conexi贸n a BD establecida correctamente
2025-09-04 19:04:19,526 - INFO - B煤squeda exitosa para c贸digo: 050187
2025-09-04 19:04:20,327 - INFO - Conexi贸n a BD establecida correctamente
2025-09-04 19:04:20,327 - INFO - B煤squeda exitosa para c贸digo: 050188
2025-09-04 19:04:41,586 - INFO - Conexi贸n a BD establecida correctamente
2025-09-04 19:04:41,586 - INFO - B煤squeda exitosa para c贸digo: 050188
2025-09-04 19:04:56,356 - INFO - Conexi贸n a BD establecida correctamente
2025-09-04 19:04:56,359 - INFO - B煤squeda por secuencia: 9050177 - 2 resultados
2025-09-04 19:05:14,095 - INFO - Conexi贸n a BD establecida correctamente
2025-09-04 19:05:14,095 - INFO - B煤squeda exitosa para c贸digo: 050188
2025-09-04 19:05:36,277 - INFO - Conexi贸n a BD establecida correctamente
2025-09-04 19:05:36,277 - INFO - Datos de combobox cargados correctamente
2025-09-04 19:05:40,957 - INFO - Conexi贸n a BD establecida correctamente
2025-09-04 19:05:40,958 - INFO - B煤squeda exitosa para c贸digo: 050188
2025-09-04 19:06:21,494 - INFO - Conexi贸n a BD establecida correctamente
2025-09-04 19:06:21,496 - INFO - B煤squeda exitosa para c贸digo: 050188
2025-09-04 19:07:16,639 - INFO - Conexi贸n a BD establecida correctamente
2025-09-04 19:07:16,646 - INFO - Datos de combobox cargados correctamente
2025-09-04 19:08:48,446 - INFO - Conexi贸n a BD establecida correctamente
2025-09-04 19:08:48,459 - INFO - Datos de combobox cargados correctamente
2025-09-04 19:10:59,569 - INFO - Conexi贸n a BD establecida correctamente
2025-09-04 19:10:59,569 - INFO - Datos de combobox cargados correctamente
2025-09-04 19:11:07,392 - INFO - Conexi贸n a BD establecida correctamente
2025-09-04 19:11:07,396 - INFO - B煤squeda exitosa para c贸digo: 079498
2025-09-04 19:12:24,097 - INFO - Conexi贸n a BD establecida correctamente
2025-09-04 19:12:24,102 - INFO - B煤squeda por secuencia: 9046654 - 3 resultados
2025-09-04 19:12:35,796 - INFO - Archivo exportado: consulta_20250904_191234.xlsx
2025-09-04 19:15:15,137 - INFO - Conexi贸n a BD establecida correctamente
2025-09-04 19:15:15,137 - INFO - Datos de combobox cargados correctamente
2025-09-04 19:17:05,817 - INFO - Conexi贸n a BD establecida correctamente
2025-09-04 19:17:05,826 - INFO - Datos de combobox cargados correctamente
2025-09-04 19:23:18,097 - INFO - Conexi贸n a BD establecida correctamente
2025-09-04 19:23:18,097 - INFO - Datos de combobox cargados correctamente
2025-09-04 19:23:23,994 - INFO - Conexi贸n a BD establecida correctamente
2025-09-04 19:23:24,009 - INFO - B煤squeda exitosa para c贸digo: 050188
2025-09-04 19:23:41,842 - INFO - Conexi贸n a BD establecida correctamente
2025-09-04 19:23:41,842 - ERROR - Error al guardar: la sintaxis de entrada no es v谩lida para el enum estado_enum: 芦bueno禄
LINE 15:                             estado_elemento='bueno',
                                                     ^

2025-09-04 19:23:48,916 - INFO - Conexi贸n a BD establecida correctamente
2025-09-04 19:23:48,921 - ERROR - Error al guardar: la sintaxis de entrada no es v谩lida para el enum estado_enum: 芦bueno禄
LINE 15:                             estado_elemento='bueno',
                                                     ^

2025-09-04 19:30:34,653 - INFO - Conexi贸n a BD establecida correctamente
2025-09-04 19:30:34,656 - INFO - Datos de combobox cargados correctamente
2025-09-04 19:30:43,407 - INFO - Conexi贸n a BD establecida correctamente
2025-09-04 19:30:43,410 - INFO - Datos de combobox cargados correctamente
2025-09-04 19:30:47,409 - INFO - Conexi贸n a BD establecida correctamente
2025-09-04 19:30:47,409 - INFO - B煤squeda exitosa para c贸digo: 050188
2025-09-04 19:30:50,798 - INFO - Conexi贸n a BD establecida correctamente
2025-09-04 19:31:02,779 - INFO - Conexi贸n a BD establecida correctamente
2025-09-04 19:31:02,779 - INFO - B煤squeda exitosa para c贸digo: 035148
2025-09-04 19:31:05,931 - INFO - Conexi贸n a BD establecida correctamente
2025-09-04 19:31:37,713 - INFO - Conexi贸n a BD establecida correctamente
2025-09-04 19:31:37,715 - INFO - Datos de combobox cargados correctamente
2025-09-04 19:31:47,499 - INFO - Conexi贸n a BD establecida correctamente
2025-09-04 19:31:47,501 - INFO - B煤squeda exitosa para c贸digo: 035148
2025-09-04 19:31:51,963 - INFO - Conexi贸n a BD establecida correctamente
2025-09-04 19:31:51,963 - INFO - B煤squeda exitosa para c贸digo: 050188
2025-09-04 19:31:56,195 - INFO - Conexi贸n a BD establecida correctamente
2025-09-04 19:31:56,212 - INFO - B煤squeda exitosa para c贸digo: 050188
2025-09-04 19:32:03,946 - INFO - Conexi贸n a BD establecida correctamente
2025-09-04 19:32:03,946 - INFO - UPDATE rowcount=1
2025-09-04 19:32:03,946 - INFO - Commit OK
2025-09-04 19:32:05,032 - INFO - Registro guardado: 050188 - Registro actualizado.
2025-09-04 19:32:21,747 - INFO - Conexi贸n a BD establecida correctamente
2025-09-04 19:32:21,747 - INFO - B煤squeda por secuencia: 9050177 - 2 resultados
2025-09-04 19:32:27,139 - INFO - Archivo exportado: consulta_20250904_193226.xlsx
2025-09-04 19:32:35,978 - INFO - Conexi贸n a BD establecida correctamente
2025-09-04 19:32:35,994 - INFO - B煤squeda exitosa para c贸digo: 079497
2025-09-04 19:32:47,781 - INFO - Conexi贸n a BD establecida correctamente
2025-09-04 19:32:47,781 - INFO - UPDATE rowcount=1
2025-09-04 19:32:47,781 - INFO - Commit OK
2025-09-04 19:32:48,865 - INFO - Registro guardado: 079497 - Registro actualizado.
2025-09-04 19:32:55,046 - INFO - Conexi贸n a BD establecida correctamente
2025-09-04 19:32:55,059 - INFO - B煤squeda por secuencia: 9046654 - 3 resultados
2025-09-04 19:33:00,954 - INFO - Conexi贸n a BD establecida correctamente
2025-09-04 19:33:00,954 - INFO - B煤squeda exitosa para c贸digo: 079498
2025-09-04 19:33:01,907 - INFO - Conexi贸n a BD establecida correctamente
2025-09-04 19:33:01,907 - INFO - B煤squeda exitosa para c贸digo: 079500
2025-09-04 19:33:02,794 - INFO - Conexi贸n a BD establecida correctamente
2025-09-04 19:33:02,809 - INFO - B煤squeda exitosa para c贸digo: 079497
2025-09-04 19:36:00,131 - INFO - Conexi贸n a BD establecida correctamente
2025-09-04 19:36:00,148 - INFO - Datos de combobox cargados correctamente
2025-09-04 19:36:32,288 - INFO - Conexi贸n a BD establecida correctamente
2025-09-04 19:36:32,291 - INFO - B煤squeda exitosa para c贸digo: 035148
2025-09-04 19:36:40,047 - INFO - Conexi贸n a BD establecida correctamente
2025-09-04 19:36:40,049 - INFO - B煤squeda exitosa para c贸digo: 035148
2025-09-04 19:36:46,931 - INFO - Conexi贸n a BD establecida correctamente
2025-09-04 19:36:46,931 - ERROR - Error al guardar: la sintaxis de entrada no es v谩lida para el enum estado_enum: 芦bueno禄
LINE 15:                             estado_elemento='bueno',
                                                     ^

2025-09-04 19:37:06,124 - INFO - Conexin a BD establecida correctamente
2025-09-04 19:37:06,131 - INFO - Datos de combobox cargados correctamente
2025-09-04 19:37:17,964 - INFO - Conexin a BD establecida correctamente
2025-09-04 19:37:23,494 - INFO - Conexin a BD establecida correctamente
2025-09-04 19:37:23,509 - INFO - Bsqueda exitosa para cdigo: 035148
